<?xml version="1.0" encoding="UTF-8"?>
<!-- Generated by org.testng.reporters.JUnitXMLReporter -->
<testsuite ignored="1" hostname="RAVI" failures="0" tests="2" name="Car Loan" time="0.029" errors="0" timestamp="2020-10-04T13:18:58 IST">
  <testcase classname="TestNG.Car_loan" name="ApiLoginCarLoan" time="0.002"/>
  <testcase classname="TestNG.Car_loan" name="WebLoginCarLoan" time="0.002"/>
  <testcase classname="TestNG.Car_loan" name="MobileLoginCarLoan" time="0.0">
    <ignored/>
  </testcase> <!-- MobileLoginCarLoan -->
</testsuite> <!-- Car Loan -->
