<?xml version="1.0" encoding="UTF-8"?>
<!-- Generated by org.testng.reporters.JUnitXMLReporter -->
<testsuite ignored="2" hostname="RAVI" failures="0" tests="1" name="Home Loan" time="0.008" errors="0" timestamp="2020-10-04T13:18:58 IST">
  <testcase classname="TestNG.Home_loan" name="MobileLoginHomeLoan" time="0.001"/>
  <testcase classname="TestNG.Home_loan" name="ApiLoginHomeLoan" time="0.0">
    <ignored/>
  </testcase> <!-- ApiLoginHomeLoan -->
  <testcase classname="TestNG.Home_loan" name="WebLoginHomeLoan" time="0.0">
    <ignored/>
  </testcase> <!-- WebLoginHomeLoan -->
</testsuite> <!-- Home Loan -->
