<?xml version="1.0" encoding="UTF-8"?>
<!-- Generated by org.testng.reporters.JUnitXMLReporter -->
<testsuite ignored="4" hostname="RAVI" failures="0" tests="6" name="Regression" time="0.112" errors="0" timestamp="2020-10-03T23:33:36 IST">
  <testcase classname="TestNG.Video_145" name="SecondTest" time="0.013"/>
  <testcase classname="TestNG.XML_file" name="Demo1" time="0.002"/>
  <testcase classname="TestNG.XML_file" name="example" time="0.001"/>
  <testcase classname="TestNG.XML_file" name="Begin" time="0.002"/>
  <testcase classname="TestNG.Home_loan" name="MobileLoginHomeLoan" time="0.003"/>
  <testcase classname="TestNG.Home_loan" name="WebLoginHomeLoan" time="0.002"/>
  <testcase classname="TestNG.XML_file" name="SecondTest" time="0.0">
    <ignored/>
  </testcase> <!-- SecondTest -->
  <testcase classname="TestNG.XML_file" name="issue" time="0.0">
    <ignored/>
  </testcase> <!-- issue -->
  <testcase classname="TestNG.Home_loan" name="ApiLoginHomeLoan" time="0.0">
    <ignored/>
  </testcase> <!-- ApiLoginHomeLoan -->
  <testcase classname="TestNG.Video_145" name="Demo" time="0.0">
    <ignored/>
  </testcase> <!-- Demo -->
</testsuite> <!-- Regression -->
