<?xml version="1.0" encoding="UTF-8"?>
<!-- Generated by org.testng.reporters.JUnitXMLReporter -->
<testsuite ignored="1" hostname="RAVI" failures="0" tests="6" name="Test" time="0.127" errors="0" timestamp="2020-10-04T13:18:58 IST">
  <testcase classname="TestNG.Video_145" name="Demo" time="0.014"/>
  <testcase classname="TestNG.Video_145" name="SecondTest" time="0.002"/>
  <testcase classname="TestNG.XML_file" name="Demo1" time="0.003"/>
  <testcase classname="TestNG.XML_file" name="example" time="0.002"/>
  <testcase classname="TestNG.XML_file" name="SecondTest" time="0.004"/>
  <testcase classname="TestNG.XML_file" name="Begin" time="0.002"/>
  <testcase classname="TestNG.XML_file" name="issue" time="0.0">
    <ignored/>
  </testcase> <!-- issue -->
</testsuite> <!-- Test -->
